<?xml version="1.0" encoding="UTF-8"?>
<!-- Generated by org.testng.reporters.JUnitReportReporter -->
<testsuite hostname="LAPTOP-P267TRG7" failures="0" tests="1" name="api.Test_Post" time="2.461" errors="0" timestamp="2021-10-15T17:47:28 PDT" skipped="0">
  <testcase classname="api.Test_Post" name="Post" time="2.461"/>
  <system-out/>
</testsuite> <!-- api.Test_Post -->
